\BOOKMARK [1][-]{section.1}{Introduction}{}% 1
\BOOKMARK [2][-]{subsection.1.1}{Problem}{section.1}% 2
\BOOKMARK [2][-]{subsection.1.2}{Solution}{section.1}% 3
\BOOKMARK [1][-]{section.2}{Background}{}% 4
\BOOKMARK [2][-]{subsection.2.1}{Durable Medical Equipment}{section.2}% 5
\BOOKMARK [3][-]{subsubsection.2.1.1}{Importance}{subsection.2.1}% 6
\BOOKMARK [2][-]{subsection.2.2}{Distributed Ledger Technology}{section.2}% 7
\BOOKMARK [3][-]{subsubsection.2.2.1}{Misconceptions}{subsection.2.2}% 8
\BOOKMARK [3][-]{subsubsection.2.2.2}{Importance}{subsection.2.2}% 9
\BOOKMARK [1][-]{section.3}{Architecture}{}% 10
\BOOKMARK [2][-]{subsection.3.1}{Current Model}{section.3}% 11
\BOOKMARK [3][-]{subsubsection.3.1.1}{Electronic Healthcare Records}{subsection.3.1}% 12
\BOOKMARK [3][-]{subsubsection.3.1.2}{Electronic Medical Records}{subsection.3.1}% 13
\BOOKMARK [2][-]{subsection.3.2}{DuraChain Model}{section.3}% 14
\BOOKMARK [3][-]{subsubsection.3.2.1}{Electronic Healthcare Events}{subsection.3.2}% 15
\BOOKMARK [3][-]{subsubsection.3.2.2}{Patient Rooms}{subsection.3.2}% 16
\BOOKMARK [3][-]{subsubsection.3.2.3}{Users}{subsection.3.2}% 17
\BOOKMARK [3][-]{subsubsection.3.2.4}{Facilities}{subsection.3.2}% 18
\BOOKMARK [2][-]{subsection.3.3}{implementation}{section.3}% 19
\BOOKMARK [3][-]{subsubsection.3.3.1}{Protected Health Information}{subsection.3.3}% 20
\BOOKMARK [1][-]{section.4}{UXUI}{}% 21
\BOOKMARK [2][-]{subsection.4.1}{UXUI Overhaul}{section.4}% 22
\BOOKMARK [2][-]{subsection.4.2}{Accessibility}{section.4}% 23
\BOOKMARK [2][-]{subsection.4.3}{Implementation}{section.4}% 24
\BOOKMARK [1][-]{section.5}{Market}{}% 25
\BOOKMARK [2][-]{subsection.5.1}{Target Market}{section.5}% 26
\BOOKMARK [3][-]{subsubsection.5.1.1}{Needs and Wants}{subsection.5.1}% 27
\BOOKMARK [3][-]{subsubsection.5.1.2}{DME provider Groups}{subsection.5.1}% 28
\BOOKMARK [3][-]{subsubsection.5.1.3}{\0440-5m}{subsection.5.1}% 29
\BOOKMARK [3][-]{subsubsection.5.1.4}{\04410-20m}{subsection.5.1}% 30
\BOOKMARK [3][-]{subsubsection.5.1.5}{\04425-60m}{subsection.5.1}% 31
\BOOKMARK [2][-]{subsection.5.2}{Competition}{section.5}% 32
\BOOKMARK [3][-]{subsubsection.5.2.1}{Brightree}{subsection.5.2}% 33
\BOOKMARK [3][-]{subsubsection.5.2.2}{Lazarus}{subsection.5.2}% 34
\BOOKMARK [3][-]{subsubsection.5.2.3}{Iboss}{subsection.5.2}% 35
\BOOKMARK [3][-]{subsubsection.5.2.4}{Domo}{subsection.5.2}% 36
\BOOKMARK [3][-]{subsubsection.5.2.5}{Health Splash}{subsection.5.2}% 37
\BOOKMARK [1][-]{section.6}{Conclusion}{}% 38
\BOOKMARK [2][-]{subsection.6.1}{Next Steps}{section.6}% 39
\BOOKMARK [2][-]{subsection.6.2}{Future}{section.6}% 40
\BOOKMARK [1][-]{appendix.A}{More Information}{}% 41
\BOOKMARK [1][-]{appendix.A}{Key Terms}{}% 42
